polybar|notice:  Parsing config file: /home/stalker/.config/polybar/config.ini
polybar|notice:  Listening for IPC messages (PID: 4752)
polybar|warn:  No monitor specified, using "DVI-D-0"
polybar|notice:  Loading module 'xworkspaces' of type 'internal/xworkspaces'
polybar|notice:  Loading module 'date' of type 'internal/date'
polybar|notice:  Loaded 2 modules
polybar|notice:  Loaded font "HurmitNerdFontMono-Regular" (name=Hurmit Nerd Font Mono, offset=2, file=/home/stalker/.local/share/fonts/HurmitNerdFontMono-Regular.otf)
polybar|notice:  Loaded font "Source Han Sans JP" (name=Source Han Sans JP, offset=4, file=/usr/share/fonts/adobe-source-han-sans/SourceHanSansJP-Regular.otf)
polybar|notice:  Loaded font "Powerline Extra Symbols" (name=Powerline Extra Symbols, offset=3, file=/home/stalker/.local/share/fonts/PowerlineExtraSymbols.otf)
polybar|notice:  Loaded font "HurmitNerdFontMono-Regular:size=24" (name=Hurmit Nerd Font Mono, offset=5, file=/home/stalker/.local/share/fonts/HurmitNerdFontMono-Regular.otf)
polybar|warn:  background_manager: Failed to get root pixmap, default to black (is there a wallpaper?)
polybar|warn:  background_manager: Failed to get root pixmap, default to black (is there a wallpaper?)
polybar|warn:  background_manager: Failed to get root pixmap, default to black (is there a wallpaper?)
polybar|warn:  background_manager: Failed to get root pixmap, default to black (is there a wallpaper?)

(process:4769): GLib-CRITICAL **: 08:36:59.129: g_string_insert_len: assertion 'len == 0 || val != NULL' failed
ATTENTION: default value of option mesa_glthread overridden by environment.
ATTENTION: default value of option mesa_glthread overridden by environment.
ATTENTION: default value of option mesa_glthread overridden by environment.
ATTENTION: default value of option mesa_glthread overridden by environment.
ATTENTION: default value of option mesa_glthread overridden by environment.
ATTENTION: default value of option mesa_glthread overridden by environment.
ATTENTION: default value of option mesa_glthread overridden by environment.
ATTENTION: default value of option mesa_glthread overridden by environment.
ATTENTION: default value of option mesa_glthread overridden by environment.
ATTENTION: default value of option mesa_glthread overridden by environment.
ATTENTION: default value of option mesa_glthread overridden by environment.
ATTENTION: default value of option mesa_glthread overridden by environment.
[163,229] Pending mode change to already current mode (0) requested. Either pending mode expired or there is an application bug.
[170,309] Pending mode change to already current mode (0) requested. Either pending mode expired or there is an application bug.
