[10:45:27.784][info] [#0:/home/stalker/.local/share/nvim/mason/packages/lua-language-server/libexec/main.lua:68]: Lua Lsp startup, root: 	/home/stalker/.local/share/nvim/mason/packages/lua-language-server/libexec
[10:45:27.784][info] [#0:/home/stalker/.local/share/nvim/mason/packages/lua-language-server/libexec/main.lua:69]: ROOT:	/home/stalker/.local/share/nvim/mason/packages/lua-language-server/libexec
[10:45:27.784][info] [#0:/home/stalker/.local/share/nvim/mason/packages/lua-language-server/libexec/main.lua:70]: LOGPATH:	/home/stalker/.local/share/nvim/mason/packages/lua-language-server/libexec/log
[10:45:27.784][info] [#0:/home/stalker/.local/share/nvim/mason/packages/lua-language-server/libexec/main.lua:71]: METAPATH:	/home/stalker/.local/share/nvim/mason/packages/lua-language-server/libexec/meta
[10:45:27.784][info] [#0:/home/stalker/.local/share/nvim/mason/packages/lua-language-server/libexec/main.lua:72]: VERSION:	3.9.3
[10:45:27.806][info] [#0:script/proto/proto.lua:234]: Listen Mode: stdio
[10:45:27.806][info] [#0:script/service/service.lua:145]: 
========= Medical Examination Report =========
    --------------- Memory ---------------
        Total: 1.373 MB
        # 00 : 1.373 MB
        # 01 : 0.000 MB
        # 02 : 0.000 MB
        # 03 : 0.000 MB
        # 04 : 0.000 MB
    --------------- Coroutine ---------------
        Total:     0
        Running:   0
        Suspended: 0
        Normal:    0
        Dead:      0
    --------------- Cache ---------------
        Total: 1
        Dead:  0
    ---------------  RPC  ---------------
        Holdon:   0
        Waiting:  0
==============================================
[10:45:27.809][info] [#0:script/client.lua:657]: Client init	{
  capabilities = {
    general = {
      positionEncodings = { "utf-16" }
    },
    textDocument = {
      callHierarchy = {
        dynamicRegistration = false
      },
      codeAction = {
        codeActionLiteralSupport = {
          codeActionKind = {
            valueSet = { "", "quickfix", "refactor", "refactor.extract", "refactor.inline", "refactor.rewrite", "source", "source.organizeImports" }
          }
        },
        dataSupport = true,
        dynamicRegistration = true,
        isPreferredSupport = true,
        resolveSupport = {
          properties = { "edit" }
        }
      },
      completion = {
        completionItem = {
          commitCharactersSupport = true,
          deprecatedSupport = true,
          documentationFormat = { "markdown", "plaintext" },
          insertReplaceSupport = true,
          insertTextModeSupport = {
            valueSet = { 1, 2 }
          },
          labelDetailsSupport = true,
          preselectSupport = true,
          resolveSupport = {
            properties = { "documentation", "detail", "additionalTextEdits", "sortText", "filterText", "insertText", "textEdit", "insertTextFormat", "insertTextMode" }
          },
          snippetSupport = true,
          tagSupport = {
            valueSet = { 1 }
          }
        },
        completionItemKind = {
          valueSet = { 1, 2, 3, 4, 5, 6, 7, 8, 9, 10, 11, 12, 13, 14, 15, 16, 17, 18, 19, 20, 21, 22, 23, 24, 25 }
        },
        completionList = {
          itemDefaults = { "commitCharacters", "editRange", "insertTextFormat", "insertTextMode", "data" }
        },
        contextSupport = true,
        dynamicRegistration = false,
        insertTextMode = 1
      },
      declaration = {
        linkSupport = true
      },
      definition = {
        dynamicRegistration = true,
        linkSupport = true
      },
      diagnostic = {
        dynamicRegistration = false
      },
      documentHighlight = {
        dynamicRegistration = false
      },
      documentSymbol = {
        dynamicRegistration = false,
        hierarchicalDocumentSymbolSupport = true,
        symbolKind = {
          valueSet = { 1, 2, 3, 4, 5, 6, 7, 8, 9, 10, 11, 12, 13, 14, 15, 16, 17, 18, 19, 20, 21, 22, 23, 24, 25, 26 }
        }
      },
      formatting = {
        dynamicRegistration = true
      },
      hover = {
        contentFormat = { "markdown", "plaintext" },
        dynamicRegistration = true
      },
      implementation = {
        linkSupport = true
      },
      inlayHint = {
        dynamicRegistration = true,
        resolveSupport = {
          properties = { "textEdits", "tooltip", "location", "command" }
        }
      },
      publishDiagnostics = {
        dataSupport = true,
        relatedInformation = true,
        tagSupport = {
          valueSet = { 1, 2 }
        }
      },
      rangeFormatting = {
        dynamicRegistration = true
      },
      references = {
        dynamicRegistration = false
      },
      rename = {
        dynamicRegistration = true,
        prepareSupport = true
      },
      semanticTokens = {
        augmentsSyntaxTokens = true,
        dynamicRegistration = false,
        formats = { "relative" },
        multilineTokenSupport = false,
        overlappingTokenSupport = true,
        requests = {
          full = {
            delta = true
          },
          range = false
        },
        serverCancelSupport = false,
        tokenModifiers = { "declaration", "definition", "readonly", "static", "deprecated", "abstract", "async", "modification", "documentation", "defaultLibrary" },
        tokenTypes = { "namespace", "type", "class", "enum", "interface", "struct", "typeParameter", "parameter", "variable", "property", "enumMember", "event", "function", "method", "macro", "keyword", "modifier", "comment", "string", "number", "regexp", "operator", "decorator" }
      },
      signatureHelp = {
        dynamicRegistration = false,
        signatureInformation = {
          activeParameterSupport = true,
          documentationFormat = { "markdown", "plaintext" },
          parameterInformation = {
            labelOffsetSupport = true
          }
        }
      },
      synchronization = {
        didSave = true,
        dynamicRegistration = false,
        willSave = true,
        willSaveWaitUntil = true
      },
      typeDefinition = {
        linkSupport = true
      }
    },
    window = {
      showDocument = {
        support = true
      },
      showMessage = {
        messageActionItem = {
          additionalPropertiesSupport = false
        }
      },
      workDoneProgress = true
    },
    workspace = {
      applyEdit = true,
      configuration = true,
      didChangeConfiguration = {
        dynamicRegistration = false
      },
      didChangeWatchedFiles = {
        dynamicRegistration = false,
        relativePatternSupport = true
      },
      inlayHint = {
        refreshSupport = true
      },
      semanticTokens = {
        refreshSupport = true
      },
      symbol = {
        dynamicRegistration = false,
        symbolKind = {
          valueSet = { 1, 2, 3, 4, 5, 6, 7, 8, 9, 10, 11, 12, 13, 14, 15, 16, 17, 18, 19, 20, 21, 22, 23, 24, 25, 26 }
        }
      },
      workspaceEdit = {
        resourceOperations = { "rename", "create", "delete" }
      },
      workspaceFolders = true
    }
  },
  clientInfo = {
    name = "Neovim",
    version = "0.10.0-dev"
  },
  initializationOptions = {},
  processId = 2496,
  rootPath = "/home/stalker/Downloads/starter",
  rootUri = "file:///home/stalker/Downloads/starter",
  trace = "off",
  workDoneToken = "1",
  workspaceFolders = { {
      name = "/home/stalker/Downloads/starter",
      uri = "file:///home/stalker/Downloads/starter"
    } }
}
[10:45:27.809][info] [#0:script/language.lua:137]: VSC language: nil
[10:45:27.809][info] [#0:script/language.lua:138]: LS  language: en-us
[10:45:27.809][info] [#0:script/workspace/workspace.lua:38]: Workspace init root: 	file:///home/stalker/Downloads/starter
[10:45:27.809][info] [#0:script/workspace/workspace.lua:42]: Log path: 	/home/stalker/.local/share/nvim/mason/packages/lua-language-server/libexec/log/file_home_stalker_Downloads_starter.log
[10:45:27.810][info] [#0:script/workspace/workspace.lua:48]: Workspace create: 	file:///home/stalker/Downloads/starter
[10:45:27.911][info] [#0:script/provider/provider.lua:46]: Load config from client	file:///home/stalker/Downloads/starter
[10:45:27.911][info] [#0:script/provider/provider.lua:47]: {
  Lua = {
    diagnostics = {
      globals = { "vim", "it", "describe", "before_each", "after_each" }
    },
    runtime = {
      version = "Lua 5.1"
    }
  }
}
[10:45:27.911][info] [#0:script/provider/provider.lua:46]: Load config from client	file:///home/stalker/Downloads/starter
[10:45:27.911][info] [#0:script/provider/provider.lua:47]: {
  Lua = {
    diagnostics = {
      globals = { "vim", "it", "describe", "before_each", "after_each" }
    },
    runtime = {
      version = "Lua 5.1"
    }
  }
}
[10:45:28.012][info] [#0:script/provider/provider.lua:61]: Load config from client	fallback
[10:45:28.012][info] [#0:script/provider/provider.lua:62]: {
  Lua = {
    diagnostics = {
      globals = { "vim", "it", "describe", "before_each", "after_each" }
    },
    runtime = {
      version = "Lua 5.1"
    }
  }
}
[10:45:28.012][info] [#0:script/provider/provider.lua:61]: Load config from client	fallback
[10:45:28.012][info] [#0:script/provider/provider.lua:62]: {
  Lua = {
    diagnostics = {
      globals = { "vim", "it", "describe", "before_each", "after_each" }
    },
    runtime = {
      version = "Lua 5.1"
    }
  }
}
[10:45:28.123][info] [#0:script/library.lua:212]: Init builtin library at:	file:///home/stalker/Downloads/starter
[10:45:28.134][info] [#0:script/library.lua:212]: Init builtin library at:	nil
[10:45:28.242][info] [#0:script/workspace/workspace.lua:324]: Preload start:	file:///home/stalker/Downloads/starter
[10:45:28.245][info] [#0:script/workspace/workspace.lua:330]: Scan files at:	file:///home/stalker/Downloads/starter
[10:45:28.246][info] [#0:script/workspace/workspace.lua:324]: Preload start:	<fallback>
[10:45:28.247][info] [#0:script/workspace/workspace.lua:353]: Scan library at:	file:///home/stalker/.local/share/nvim/mason/packages/lua-language-server/libexec/meta/Lua%205.1%20en-us%20utf8/os.lua
[10:45:28.247][info] [#0:script/workspace/workspace.lua:353]: Scan library at:	file:///home/stalker/.local/share/nvim/mason/packages/lua-language-server/libexec/meta/Lua%205.1%20en-us%20utf8/table.lua
[10:45:28.247][info] [#0:script/workspace/workspace.lua:353]: Scan library at:	file:///home/stalker/.local/share/nvim/mason/packages/lua-language-server/libexec/meta/Lua%205.1%20en-us%20utf8/debug.lua
[10:45:28.248][info] [#0:script/workspace/workspace.lua:353]: Scan library at:	file:///home/stalker/.local/share/nvim/mason/packages/lua-language-server/libexec/meta/Lua%205.1%20en-us%20utf8/coroutine.lua
[10:45:28.248][info] [#0:script/workspace/workspace.lua:353]: Scan library at:	file:///home/stalker/.local/share/nvim/mason/packages/lua-language-server/libexec/meta/Lua%205.1%20en-us%20utf8/builtin.lua
[10:45:28.248][info] [#0:script/workspace/workspace.lua:353]: Scan library at:	file:///home/stalker/.local/share/nvim/mason/packages/lua-language-server/libexec/meta/Lua%205.1%20en-us%20utf8/io.lua
[10:45:28.248][info] [#0:script/workspace/workspace.lua:353]: Scan library at:	file:///home/stalker/.local/share/nvim/mason/packages/lua-language-server/libexec/meta/Lua%205.1%20en-us%20utf8/string.lua
[10:45:28.249][info] [#0:script/workspace/workspace.lua:353]: Scan library at:	file:///home/stalker/.local/share/nvim/mason/packages/lua-language-server/libexec/meta/Lua%205.1%20en-us%20utf8/basic.lua
[10:45:28.249][info] [#0:script/workspace/workspace.lua:353]: Scan library at:	file:///home/stalker/.local/share/nvim/mason/packages/lua-language-server/libexec/meta/Lua%205.1%20en-us%20utf8/math.lua
[10:45:28.249][info] [#0:script/workspace/workspace.lua:353]: Scan library at:	file:///home/stalker/.local/share/nvim/mason/packages/lua-language-server/libexec/meta/Lua%205.1%20en-us%20utf8/package.lua
[10:45:28.249][info] [#0:script/workspace/workspace.lua:353]: Scan library at:	file:///home/stalker/.local/share/nvim/mason/packages/lua-language-server/libexec/meta/Lua%205.1%20en-us%20utf8/os.lua
[10:45:28.249][info] [#0:script/workspace/workspace.lua:353]: Scan library at:	file:///home/stalker/.local/share/nvim/mason/packages/lua-language-server/libexec/meta/Lua%205.1%20en-us%20utf8/table.lua
[10:45:28.250][info] [#0:script/workspace/workspace.lua:353]: Scan library at:	file:///home/stalker/.local/share/nvim/mason/packages/lua-language-server/libexec/meta/Lua%205.1%20en-us%20utf8/debug.lua
[10:45:28.250][info] [#0:script/workspace/workspace.lua:353]: Scan library at:	file:///home/stalker/.local/share/nvim/mason/packages/lua-language-server/libexec/meta/Lua%205.1%20en-us%20utf8/coroutine.lua
[10:45:28.250][info] [#0:script/workspace/workspace.lua:353]: Scan library at:	file:///home/stalker/.local/share/nvim/mason/packages/lua-language-server/libexec/meta/Lua%205.1%20en-us%20utf8/builtin.lua
[10:45:28.250][info] [#0:script/workspace/workspace.lua:353]: Scan library at:	file:///home/stalker/.local/share/nvim/mason/packages/lua-language-server/libexec/meta/Lua%205.1%20en-us%20utf8/io.lua
[10:45:28.250][info] [#0:script/workspace/workspace.lua:353]: Scan library at:	file:///home/stalker/.local/share/nvim/mason/packages/lua-language-server/libexec/meta/Lua%205.1%20en-us%20utf8/string.lua
[10:45:28.250][info] [#0:script/workspace/workspace.lua:353]: Scan library at:	file:///home/stalker/.local/share/nvim/mason/packages/lua-language-server/libexec/meta/Lua%205.1%20en-us%20utf8/basic.lua
[10:45:28.251][info] [#0:script/workspace/workspace.lua:353]: Scan library at:	file:///home/stalker/.local/share/nvim/mason/packages/lua-language-server/libexec/meta/Lua%205.1%20en-us%20utf8/math.lua
[10:45:28.251][info] [#0:script/workspace/workspace.lua:353]: Scan library at:	file:///home/stalker/.local/share/nvim/mason/packages/lua-language-server/libexec/meta/Lua%205.1%20en-us%20utf8/package.lua
[10:45:28.351][info] [#0:script/workspace/workspace.lua:379]: Found 10 files at:	<fallback>
[10:45:28.351][info] [#0:script/workspace/loading.lua:161]: Load files from disk:	<fallback>
[10:45:28.352][info] [#0:script/workspace/workspace.lua:379]: Found 18 files at:	file:///home/stalker/Downloads/starter
[10:45:28.352][info] [#0:script/workspace/loading.lua:161]: Load files from disk:	file:///home/stalker/Downloads/starter
[10:45:28.353][info] [#0:script/workspace/loading.lua:101]: Preload file at: file:///home/stalker/.local/share/nvim/mason/packages/lua-language-server/libexec/meta/Lua%205.1%20en-us%20utf8/package.lua , size = 2.699 KB
[10:45:28.355][info] [#0:script/workspace/loading.lua:113]: ++++As library of:	file:///home/stalker/.local/share/nvim/mason/packages/lua-language-server/libexec/meta/Lua%205.1%20en-us%20utf8/package.lua
[10:45:28.355][info] [#0:script/workspace/loading.lua:101]: Preload file at: file:///home/stalker/.local/share/nvim/mason/packages/lua-language-server/libexec/meta/Lua%205.1%20en-us%20utf8/math.lua , size = 7.911 KB
[10:45:28.362][info] [#0:script/workspace/loading.lua:113]: ++++As library of:	file:///home/stalker/.local/share/nvim/mason/packages/lua-language-server/libexec/meta/Lua%205.1%20en-us%20utf8/math.lua
[10:45:28.362][info] [#0:script/workspace/loading.lua:98]: Skip loaded file: file:///home/stalker/.local/share/nvim/mason/packages/lua-language-server/libexec/meta/Lua%205.1%20en-us%20utf8/math.lua
[10:45:28.362][info] [#0:script/workspace/loading.lua:98]: Skip loaded file: file:///home/stalker/.local/share/nvim/mason/packages/lua-language-server/libexec/meta/Lua%205.1%20en-us%20utf8/package.lua
[10:45:28.362][info] [#0:script/workspace/loading.lua:101]: Preload file at: file:///home/stalker/.local/share/nvim/mason/packages/lua-language-server/libexec/meta/Lua%205.1%20en-us%20utf8/basic.lua , size = 14.849 KB
[10:45:28.369][info] [#0:script/workspace/loading.lua:113]: ++++As library of:	file:///home/stalker/.local/share/nvim/mason/packages/lua-language-server/libexec/meta/Lua%205.1%20en-us%20utf8/basic.lua
[10:45:28.369][info] [#0:script/workspace/loading.lua:101]: Preload file at: file:///home/stalker/.local/share/nvim/mason/packages/lua-language-server/libexec/meta/Lua%205.1%20en-us%20utf8/string.lua , size = 6.230 KB
[10:45:28.373][info] [#0:script/workspace/loading.lua:113]: ++++As library of:	file:///home/stalker/.local/share/nvim/mason/packages/lua-language-server/libexec/meta/Lua%205.1%20en-us%20utf8/string.lua
[10:45:28.373][info] [#0:script/workspace/loading.lua:98]: Skip loaded file: file:///home/stalker/.local/share/nvim/mason/packages/lua-language-server/libexec/meta/Lua%205.1%20en-us%20utf8/basic.lua
[10:45:28.373][info] [#0:script/workspace/loading.lua:98]: Skip loaded file: file:///home/stalker/.local/share/nvim/mason/packages/lua-language-server/libexec/meta/Lua%205.1%20en-us%20utf8/string.lua
[10:45:28.373][info] [#0:script/workspace/loading.lua:101]: Preload file at: file:///home/stalker/.local/share/nvim/mason/packages/lua-language-server/libexec/meta/Lua%205.1%20en-us%20utf8/io.lua , size = 6.309 KB
[10:45:28.376][info] [#0:script/workspace/loading.lua:113]: ++++As library of:	file:///home/stalker/.local/share/nvim/mason/packages/lua-language-server/libexec/meta/Lua%205.1%20en-us%20utf8/io.lua
[10:45:28.376][info] [#0:script/workspace/loading.lua:98]: Skip loaded file: file:///home/stalker/.local/share/nvim/mason/packages/lua-language-server/libexec/meta/Lua%205.1%20en-us%20utf8/io.lua
[10:45:28.376][info] [#0:script/workspace/loading.lua:101]: Preload file at: file:///home/stalker/.local/share/nvim/mason/packages/lua-language-server/libexec/meta/Lua%205.1%20en-us%20utf8/builtin.lua , size = 0.302 KB
[10:45:28.377][info] [#0:script/workspace/loading.lua:113]: ++++As library of:	file:///home/stalker/.local/share/nvim/mason/packages/lua-language-server/libexec/meta/Lua%205.1%20en-us%20utf8/builtin.lua
[10:45:28.377][info] [#0:script/workspace/loading.lua:98]: Skip loaded file: file:///home/stalker/.local/share/nvim/mason/packages/lua-language-server/libexec/meta/Lua%205.1%20en-us%20utf8/builtin.lua
[10:45:28.377][info] [#0:script/workspace/loading.lua:101]: Preload file at: file:///home/stalker/.local/share/nvim/mason/packages/lua-language-server/libexec/meta/Lua%205.1%20en-us%20utf8/coroutine.lua , size = 2.541 KB
[10:45:28.378][info] [#0:script/workspace/loading.lua:113]: ++++As library of:	file:///home/stalker/.local/share/nvim/mason/packages/lua-language-server/libexec/meta/Lua%205.1%20en-us%20utf8/coroutine.lua
[10:45:28.378][info] [#0:script/workspace/loading.lua:98]: Skip loaded file: file:///home/stalker/.local/share/nvim/mason/packages/lua-language-server/libexec/meta/Lua%205.1%20en-us%20utf8/coroutine.lua
[10:45:28.378][info] [#0:script/workspace/loading.lua:101]: Preload file at: file:///home/stalker/.local/share/nvim/mason/packages/lua-language-server/libexec/meta/Lua%205.1%20en-us%20utf8/debug.lua , size = 6.691 KB
[10:45:28.382][info] [#0:script/workspace/loading.lua:113]: ++++As library of:	file:///home/stalker/.local/share/nvim/mason/packages/lua-language-server/libexec/meta/Lua%205.1%20en-us%20utf8/debug.lua
[10:45:28.382][info] [#0:script/workspace/loading.lua:89]: Skip loaded file: file:///home/stalker/.local/share/nvim/mason/packages/lua-language-server/libexec/meta/Lua%205.1%20en-us%20utf8/debug.lua
[10:45:28.382][info] [#0:script/workspace/loading.lua:113]: ++++As library of:	file:///home/stalker/.local/share/nvim/mason/packages/lua-language-server/libexec/meta/Lua%205.1%20en-us%20utf8/debug.lua
[10:45:28.382][info] [#0:script/workspace/loading.lua:101]: Preload file at: file:///home/stalker/.local/share/nvim/mason/packages/lua-language-server/libexec/meta/Lua%205.1%20en-us%20utf8/table.lua , size = 4.235 KB
[10:45:28.386][info] [#0:script/workspace/loading.lua:113]: ++++As library of:	file:///home/stalker/.local/share/nvim/mason/packages/lua-language-server/libexec/meta/Lua%205.1%20en-us%20utf8/table.lua
[10:45:28.386][info] [#0:script/workspace/loading.lua:89]: Skip loaded file: file:///home/stalker/.local/share/nvim/mason/packages/lua-language-server/libexec/meta/Lua%205.1%20en-us%20utf8/table.lua
[10:45:28.386][info] [#0:script/workspace/loading.lua:113]: ++++As library of:	file:///home/stalker/.local/share/nvim/mason/packages/lua-language-server/libexec/meta/Lua%205.1%20en-us%20utf8/table.lua
[10:45:28.386][info] [#0:script/workspace/loading.lua:101]: Preload file at: file:///home/stalker/.local/share/nvim/mason/packages/lua-language-server/libexec/meta/Lua%205.1%20en-us%20utf8/os.lua , size = 5.507 KB
[10:45:28.389][info] [#0:script/workspace/loading.lua:113]: ++++As library of:	file:///home/stalker/.local/share/nvim/mason/packages/lua-language-server/libexec/meta/Lua%205.1%20en-us%20utf8/os.lua
[10:45:28.389][info] [#0:script/workspace/loading.lua:89]: Skip loaded file: file:///home/stalker/.local/share/nvim/mason/packages/lua-language-server/libexec/meta/Lua%205.1%20en-us%20utf8/os.lua
[10:45:28.389][info] [#0:script/workspace/loading.lua:113]: ++++As library of:	file:///home/stalker/.local/share/nvim/mason/packages/lua-language-server/libexec/meta/Lua%205.1%20en-us%20utf8/os.lua
[10:45:28.389][info] [#0:script/workspace/loading.lua:173]: Loaded files takes [0.039] sec: <fallback>
[10:45:28.389][info] [#0:script/workspace/loading.lua:182]: Compile files takes [0.000] sec: <fallback>
[10:45:28.389][info] [#0:script/workspace/loading.lua:183]: Loaded finish:	<fallback>
[10:45:28.389][info] [#0:script/workspace/workspace.lua:381]: Preload finish at:	<fallback>
[10:45:28.391][info] [#0:script/workspace/loading.lua:89]: Skip loaded file: file:///home/stalker/Downloads/starter/init.lua
[10:45:28.391][info] [#0:script/workspace/loading.lua:101]: Preload file at: file:///home/stalker/Downloads/starter/lua/chadrc.lua , size = 0.295 KB
[10:45:28.391][info] [#0:script/workspace/loading.lua:101]: Preload file at: file:///home/stalker/Downloads/starter/lua/configs/conform.lua , size = 0.304 KB
[10:45:28.392][info] [#0:script/workspace/loading.lua:101]: Preload file at: file:///home/stalker/Downloads/starter/lua/configs/lazy.lua , size = 0.822 KB
[10:45:28.392][info] [#0:script/workspace/loading.lua:101]: Preload file at: file:///home/stalker/Downloads/starter/lua/configs/lspconfig.lua , size = 0.566 KB
[10:45:28.393][info] [#0:script/workspace/loading.lua:101]: Preload file at: file:///home/stalker/Downloads/starter/lua/mappings.lua , size = 0.201 KB
[10:45:28.393][info] [#0:script/workspace/loading.lua:101]: Preload file at: file:///home/stalker/Downloads/starter/lua/options.lua , size = 0.114 KB
[10:45:28.393][info] [#0:script/workspace/loading.lua:101]: Preload file at: file:///home/stalker/Downloads/starter/lua/plugins/init.lua , size = 0.790 KB
[10:45:28.394][info] [#0:script/workspace/loading.lua:173]: Loaded files takes [0.043] sec: file:///home/stalker/Downloads/starter
[10:45:28.394][info] [#0:script/workspace/loading.lua:182]: Compile files takes [0.000] sec: file:///home/stalker/Downloads/starter
[10:45:28.394][info] [#0:script/workspace/loading.lua:183]: Loaded finish:	file:///home/stalker/Downloads/starter
[10:45:28.394][info] [#0:script/workspace/workspace.lua:381]: Preload finish at:	file:///home/stalker/Downloads/starter
[10:45:28.398][info] [#0:script/provider/diagnostic.lua:560]: Diagnostics scope [file:///home/stalker/Downloads/starter], files count:[18]
[10:45:28.461][info] [#0:script/provider/diagnostic.lua:577]: Diagnostics scope [file:///home/stalker/Downloads/starter] finished, takes [0.020] sec.
[10:45:33.102][info] [#0:script/provider/provider.lua:169]: Server shutdown.
[10:45:33.203][info] [#0:script/provider/provider.lua:162]: Server exited.
