[10:53:39.716][info] [#0:/home/stalker/.local/share/nvim/mason/packages/lua-language-server/libexec/main.lua:68]: Lua Lsp startup, root: 	/home/stalker/.local/share/nvim/mason/packages/lua-language-server/libexec
[10:53:39.716][info] [#0:/home/stalker/.local/share/nvim/mason/packages/lua-language-server/libexec/main.lua:69]: ROOT:	/home/stalker/.local/share/nvim/mason/packages/lua-language-server/libexec
[10:53:39.717][info] [#0:/home/stalker/.local/share/nvim/mason/packages/lua-language-server/libexec/main.lua:70]: LOGPATH:	/home/stalker/.local/share/nvim/mason/packages/lua-language-server/libexec/log
[10:53:39.717][info] [#0:/home/stalker/.local/share/nvim/mason/packages/lua-language-server/libexec/main.lua:71]: METAPATH:	/home/stalker/.local/share/nvim/mason/packages/lua-language-server/libexec/meta
[10:53:39.717][info] [#0:/home/stalker/.local/share/nvim/mason/packages/lua-language-server/libexec/main.lua:72]: VERSION:	3.9.3
[10:53:39.739][info] [#0:script/proto/proto.lua:234]: Listen Mode: stdio
[10:53:39.739][info] [#0:script/service/service.lua:145]: 
========= Medical Examination Report =========
    --------------- Memory ---------------
        Total: 1.373 MB
        # 00 : 1.373 MB
        # 01 : 0.000 MB
        # 02 : 0.000 MB
        # 03 : 0.000 MB
        # 04 : 0.000 MB
    --------------- Coroutine ---------------
        Total:     0
        Running:   0
        Suspended: 0
        Normal:    0
        Dead:      0
    --------------- Cache ---------------
        Total: 1
        Dead:  0
    ---------------  RPC  ---------------
        Holdon:   0
        Waiting:  0
==============================================
[10:53:39.742][info] [#0:script/client.lua:657]: Client init	{
  capabilities = {
    general = {
      positionEncodings = { "utf-16" }
    },
    textDocument = {
      callHierarchy = {
        dynamicRegistration = false
      },
      codeAction = {
        codeActionLiteralSupport = {
          codeActionKind = {
            valueSet = { "", "quickfix", "refactor", "refactor.extract", "refactor.inline", "refactor.rewrite", "source", "source.organizeImports" }
          }
        },
        dataSupport = true,
        dynamicRegistration = true,
        isPreferredSupport = true,
        resolveSupport = {
          properties = { "edit" }
        }
      },
      completion = {
        completionItem = {
          commitCharactersSupport = true,
          deprecatedSupport = true,
          documentationFormat = { "markdown", "plaintext" },
          insertReplaceSupport = true,
          insertTextModeSupport = {
            valueSet = { 1, 2 }
          },
          labelDetailsSupport = true,
          preselectSupport = true,
          resolveSupport = {
            properties = { "documentation", "detail", "additionalTextEdits", "sortText", "filterText", "insertText", "textEdit", "insertTextFormat", "insertTextMode" }
          },
          snippetSupport = true,
          tagSupport = {
            valueSet = { 1 }
          }
        },
        completionItemKind = {
          valueSet = { 1, 2, 3, 4, 5, 6, 7, 8, 9, 10, 11, 12, 13, 14, 15, 16, 17, 18, 19, 20, 21, 22, 23, 24, 25 }
        },
        completionList = {
          itemDefaults = { "commitCharacters", "editRange", "insertTextFormat", "insertTextMode", "data" }
        },
        contextSupport = true,
        dynamicRegistration = false,
        insertTextMode = 1
      },
      declaration = {
        linkSupport = true
      },
      definition = {
        dynamicRegistration = true,
        linkSupport = true
      },
      diagnostic = {
        dynamicRegistration = false
      },
      documentHighlight = {
        dynamicRegistration = false
      },
      documentSymbol = {
        dynamicRegistration = false,
        hierarchicalDocumentSymbolSupport = true,
        symbolKind = {
          valueSet = { 1, 2, 3, 4, 5, 6, 7, 8, 9, 10, 11, 12, 13, 14, 15, 16, 17, 18, 19, 20, 21, 22, 23, 24, 25, 26 }
        }
      },
      formatting = {
        dynamicRegistration = true
      },
      hover = {
        contentFormat = { "markdown", "plaintext" },
        dynamicRegistration = true
      },
      implementation = {
        linkSupport = true
      },
      inlayHint = {
        dynamicRegistration = true,
        resolveSupport = {
          properties = { "textEdits", "tooltip", "location", "command" }
        }
      },
      publishDiagnostics = {
        dataSupport = true,
        relatedInformation = true,
        tagSupport = {
          valueSet = { 1, 2 }
        }
      },
      rangeFormatting = {
        dynamicRegistration = true
      },
      references = {
        dynamicRegistration = false
      },
      rename = {
        dynamicRegistration = true,
        prepareSupport = true
      },
      semanticTokens = {
        augmentsSyntaxTokens = true,
        dynamicRegistration = false,
        formats = { "relative" },
        multilineTokenSupport = false,
        overlappingTokenSupport = true,
        requests = {
          full = {
            delta = true
          },
          range = false
        },
        serverCancelSupport = false,
        tokenModifiers = { "declaration", "definition", "readonly", "static", "deprecated", "abstract", "async", "modification", "documentation", "defaultLibrary" },
        tokenTypes = { "namespace", "type", "class", "enum", "interface", "struct", "typeParameter", "parameter", "variable", "property", "enumMember", "event", "function", "method", "macro", "keyword", "modifier", "comment", "string", "number", "regexp", "operator", "decorator" }
      },
      signatureHelp = {
        dynamicRegistration = false,
        signatureInformation = {
          activeParameterSupport = true,
          documentationFormat = { "markdown", "plaintext" },
          parameterInformation = {
            labelOffsetSupport = true
          }
        }
      },
      synchronization = {
        didSave = true,
        dynamicRegistration = false,
        willSave = true,
        willSaveWaitUntil = true
      },
      typeDefinition = {
        linkSupport = true
      }
    },
    window = {
      showDocument = {
        support = true
      },
      showMessage = {
        messageActionItem = {
          additionalPropertiesSupport = false
        }
      },
      workDoneProgress = true
    },
    workspace = {
      applyEdit = true,
      configuration = true,
      didChangeConfiguration = {
        dynamicRegistration = false
      },
      didChangeWatchedFiles = {
        dynamicRegistration = false,
        relativePatternSupport = true
      },
      inlayHint = {
        refreshSupport = true
      },
      semanticTokens = {
        refreshSupport = true
      },
      symbol = {
        dynamicRegistration = false,
        symbolKind = {
          valueSet = { 1, 2, 3, 4, 5, 6, 7, 8, 9, 10, 11, 12, 13, 14, 15, 16, 17, 18, 19, 20, 21, 22, 23, 24, 25, 26 }
        }
      },
      workspaceEdit = {
        resourceOperations = { "rename", "create", "delete" }
      },
      workspaceFolders = true
    }
  },
  clientInfo = {
    name = "Neovim",
    version = "0.10.0-dev"
  },
  initializationOptions = {},
  processId = 3235,
  rootPath = "/home/stalker/.config/nvim",
  rootUri = "file:///home/stalker/.config/nvim",
  trace = "off",
  workDoneToken = "1",
  workspaceFolders = { {
      name = "/home/stalker/.config/nvim",
      uri = "file:///home/stalker/.config/nvim"
    } }
}
[10:53:39.742][info] [#0:script/language.lua:137]: VSC language: nil
[10:53:39.742][info] [#0:script/language.lua:138]: LS  language: en-us
[10:53:39.742][info] [#0:script/workspace/workspace.lua:38]: Workspace init root: 	file:///home/stalker/.config/nvim
[10:53:39.742][info] [#0:script/workspace/workspace.lua:42]: Log path: 	/home/stalker/.local/share/nvim/mason/packages/lua-language-server/libexec/log/file_home_stalker_.config_nvim.log
[10:53:39.743][info] [#0:script/workspace/workspace.lua:48]: Workspace create: 	file:///home/stalker/.config/nvim
[10:53:39.844][info] [#0:script/provider/provider.lua:46]: Load config from client	file:///home/stalker/.config/nvim
[10:53:39.844][info] [#0:script/provider/provider.lua:47]: {
  Lua = {
    diagnostics = {
      globals = { "vim", "it", "describe", "before_each", "after_each" }
    },
    runtime = {
      version = "Lua 5.1"
    }
  }
}
[10:53:39.844][info] [#0:script/provider/provider.lua:46]: Load config from client	file:///home/stalker/.config/nvim
[10:53:39.844][info] [#0:script/provider/provider.lua:47]: {
  Lua = {
    diagnostics = {
      globals = { "vim", "it", "describe", "before_each", "after_each" }
    },
    runtime = {
      version = "Lua 5.1"
    }
  }
}
[10:53:39.945][info] [#0:script/provider/provider.lua:61]: Load config from client	fallback
[10:53:39.945][info] [#0:script/provider/provider.lua:62]: {
  Lua = {
    diagnostics = {
      globals = { "vim", "it", "describe", "before_each", "after_each" }
    },
    runtime = {
      version = "Lua 5.1"
    }
  }
}
[10:53:39.945][info] [#0:script/provider/provider.lua:61]: Load config from client	fallback
[10:53:39.945][info] [#0:script/provider/provider.lua:62]: {
  Lua = {
    diagnostics = {
      globals = { "vim", "it", "describe", "before_each", "after_each" }
    },
    runtime = {
      version = "Lua 5.1"
    }
  }
}
[10:53:40.056][info] [#0:script/library.lua:212]: Init builtin library at:	file:///home/stalker/.config/nvim
[10:53:40.066][info] [#0:script/library.lua:212]: Init builtin library at:	nil
[10:53:40.174][info] [#0:script/workspace/workspace.lua:324]: Preload start:	file:///home/stalker/.config/nvim
[10:53:40.177][info] [#0:script/workspace/workspace.lua:330]: Scan files at:	file:///home/stalker/.config/nvim
[10:53:40.178][info] [#0:script/workspace/workspace.lua:324]: Preload start:	<fallback>
[10:53:40.179][info] [#0:script/workspace/workspace.lua:353]: Scan library at:	file:///home/stalker/.local/share/nvim/mason/packages/lua-language-server/libexec/meta/Lua%205.1%20en-us%20utf8/os.lua
[10:53:40.179][info] [#0:script/workspace/workspace.lua:353]: Scan library at:	file:///home/stalker/.local/share/nvim/mason/packages/lua-language-server/libexec/meta/Lua%205.1%20en-us%20utf8/table.lua
[10:53:40.180][info] [#0:script/workspace/workspace.lua:353]: Scan library at:	file:///home/stalker/.local/share/nvim/mason/packages/lua-language-server/libexec/meta/Lua%205.1%20en-us%20utf8/debug.lua
[10:53:40.180][info] [#0:script/workspace/workspace.lua:353]: Scan library at:	file:///home/stalker/.local/share/nvim/mason/packages/lua-language-server/libexec/meta/Lua%205.1%20en-us%20utf8/coroutine.lua
[10:53:40.180][info] [#0:script/workspace/workspace.lua:353]: Scan library at:	file:///home/stalker/.local/share/nvim/mason/packages/lua-language-server/libexec/meta/Lua%205.1%20en-us%20utf8/builtin.lua
[10:53:40.180][info] [#0:script/workspace/workspace.lua:353]: Scan library at:	file:///home/stalker/.local/share/nvim/mason/packages/lua-language-server/libexec/meta/Lua%205.1%20en-us%20utf8/io.lua
[10:53:40.181][info] [#0:script/workspace/workspace.lua:353]: Scan library at:	file:///home/stalker/.local/share/nvim/mason/packages/lua-language-server/libexec/meta/Lua%205.1%20en-us%20utf8/string.lua
[10:53:40.181][info] [#0:script/workspace/workspace.lua:353]: Scan library at:	file:///home/stalker/.local/share/nvim/mason/packages/lua-language-server/libexec/meta/Lua%205.1%20en-us%20utf8/basic.lua
[10:53:40.181][info] [#0:script/workspace/workspace.lua:353]: Scan library at:	file:///home/stalker/.local/share/nvim/mason/packages/lua-language-server/libexec/meta/Lua%205.1%20en-us%20utf8/math.lua
[10:53:40.181][info] [#0:script/workspace/workspace.lua:353]: Scan library at:	file:///home/stalker/.local/share/nvim/mason/packages/lua-language-server/libexec/meta/Lua%205.1%20en-us%20utf8/package.lua
[10:53:40.182][info] [#0:script/workspace/workspace.lua:353]: Scan library at:	file:///home/stalker/.local/share/nvim/mason/packages/lua-language-server/libexec/meta/Lua%205.1%20en-us%20utf8/os.lua
[10:53:40.182][info] [#0:script/workspace/workspace.lua:353]: Scan library at:	file:///home/stalker/.local/share/nvim/mason/packages/lua-language-server/libexec/meta/Lua%205.1%20en-us%20utf8/table.lua
[10:53:40.182][info] [#0:script/workspace/workspace.lua:353]: Scan library at:	file:///home/stalker/.local/share/nvim/mason/packages/lua-language-server/libexec/meta/Lua%205.1%20en-us%20utf8/debug.lua
[10:53:40.182][info] [#0:script/workspace/workspace.lua:353]: Scan library at:	file:///home/stalker/.local/share/nvim/mason/packages/lua-language-server/libexec/meta/Lua%205.1%20en-us%20utf8/coroutine.lua
[10:53:40.182][info] [#0:script/workspace/workspace.lua:353]: Scan library at:	file:///home/stalker/.local/share/nvim/mason/packages/lua-language-server/libexec/meta/Lua%205.1%20en-us%20utf8/builtin.lua
[10:53:40.182][info] [#0:script/workspace/workspace.lua:353]: Scan library at:	file:///home/stalker/.local/share/nvim/mason/packages/lua-language-server/libexec/meta/Lua%205.1%20en-us%20utf8/io.lua
[10:53:40.183][info] [#0:script/workspace/workspace.lua:353]: Scan library at:	file:///home/stalker/.local/share/nvim/mason/packages/lua-language-server/libexec/meta/Lua%205.1%20en-us%20utf8/string.lua
[10:53:40.183][info] [#0:script/workspace/workspace.lua:353]: Scan library at:	file:///home/stalker/.local/share/nvim/mason/packages/lua-language-server/libexec/meta/Lua%205.1%20en-us%20utf8/basic.lua
[10:53:40.183][info] [#0:script/workspace/workspace.lua:353]: Scan library at:	file:///home/stalker/.local/share/nvim/mason/packages/lua-language-server/libexec/meta/Lua%205.1%20en-us%20utf8/math.lua
[10:53:40.183][info] [#0:script/workspace/workspace.lua:353]: Scan library at:	file:///home/stalker/.local/share/nvim/mason/packages/lua-language-server/libexec/meta/Lua%205.1%20en-us%20utf8/package.lua
[10:53:40.284][info] [#0:script/workspace/workspace.lua:379]: Found 10 files at:	<fallback>
[10:53:40.284][info] [#0:script/workspace/loading.lua:161]: Load files from disk:	<fallback>
[10:53:40.284][info] [#0:script/workspace/workspace.lua:379]: Found 21 files at:	file:///home/stalker/.config/nvim
[10:53:40.284][info] [#0:script/workspace/loading.lua:161]: Load files from disk:	file:///home/stalker/.config/nvim
[10:53:40.285][info] [#0:script/workspace/loading.lua:101]: Preload file at: file:///home/stalker/.local/share/nvim/mason/packages/lua-language-server/libexec/meta/Lua%205.1%20en-us%20utf8/package.lua , size = 2.699 KB
[10:53:40.287][info] [#0:script/workspace/loading.lua:113]: ++++As library of:	file:///home/stalker/.local/share/nvim/mason/packages/lua-language-server/libexec/meta/Lua%205.1%20en-us%20utf8/package.lua
[10:53:40.287][info] [#0:script/workspace/loading.lua:101]: Preload file at: file:///home/stalker/.local/share/nvim/mason/packages/lua-language-server/libexec/meta/Lua%205.1%20en-us%20utf8/math.lua , size = 7.911 KB
[10:53:40.293][info] [#0:script/workspace/loading.lua:113]: ++++As library of:	file:///home/stalker/.local/share/nvim/mason/packages/lua-language-server/libexec/meta/Lua%205.1%20en-us%20utf8/math.lua
[10:53:40.293][info] [#0:script/workspace/loading.lua:98]: Skip loaded file: file:///home/stalker/.local/share/nvim/mason/packages/lua-language-server/libexec/meta/Lua%205.1%20en-us%20utf8/math.lua
[10:53:40.293][info] [#0:script/workspace/loading.lua:98]: Skip loaded file: file:///home/stalker/.local/share/nvim/mason/packages/lua-language-server/libexec/meta/Lua%205.1%20en-us%20utf8/package.lua
[10:53:40.294][info] [#0:script/workspace/loading.lua:101]: Preload file at: file:///home/stalker/.local/share/nvim/mason/packages/lua-language-server/libexec/meta/Lua%205.1%20en-us%20utf8/basic.lua , size = 14.849 KB
[10:53:40.301][info] [#0:script/workspace/loading.lua:113]: ++++As library of:	file:///home/stalker/.local/share/nvim/mason/packages/lua-language-server/libexec/meta/Lua%205.1%20en-us%20utf8/basic.lua
[10:53:40.301][info] [#0:script/workspace/loading.lua:101]: Preload file at: file:///home/stalker/.local/share/nvim/mason/packages/lua-language-server/libexec/meta/Lua%205.1%20en-us%20utf8/string.lua , size = 6.230 KB
[10:53:40.306][info] [#0:script/workspace/loading.lua:113]: ++++As library of:	file:///home/stalker/.local/share/nvim/mason/packages/lua-language-server/libexec/meta/Lua%205.1%20en-us%20utf8/string.lua
[10:53:40.306][info] [#0:script/workspace/loading.lua:98]: Skip loaded file: file:///home/stalker/.local/share/nvim/mason/packages/lua-language-server/libexec/meta/Lua%205.1%20en-us%20utf8/basic.lua
[10:53:40.306][info] [#0:script/workspace/loading.lua:98]: Skip loaded file: file:///home/stalker/.local/share/nvim/mason/packages/lua-language-server/libexec/meta/Lua%205.1%20en-us%20utf8/string.lua
[10:53:40.306][info] [#0:script/workspace/loading.lua:101]: Preload file at: file:///home/stalker/.local/share/nvim/mason/packages/lua-language-server/libexec/meta/Lua%205.1%20en-us%20utf8/io.lua , size = 6.309 KB
[10:53:40.309][info] [#0:script/workspace/loading.lua:113]: ++++As library of:	file:///home/stalker/.local/share/nvim/mason/packages/lua-language-server/libexec/meta/Lua%205.1%20en-us%20utf8/io.lua
[10:53:40.309][info] [#0:script/workspace/loading.lua:98]: Skip loaded file: file:///home/stalker/.local/share/nvim/mason/packages/lua-language-server/libexec/meta/Lua%205.1%20en-us%20utf8/io.lua
[10:53:40.309][info] [#0:script/workspace/loading.lua:101]: Preload file at: file:///home/stalker/.local/share/nvim/mason/packages/lua-language-server/libexec/meta/Lua%205.1%20en-us%20utf8/builtin.lua , size = 0.302 KB
[10:53:40.309][info] [#0:script/workspace/loading.lua:113]: ++++As library of:	file:///home/stalker/.local/share/nvim/mason/packages/lua-language-server/libexec/meta/Lua%205.1%20en-us%20utf8/builtin.lua
[10:53:40.309][info] [#0:script/workspace/loading.lua:89]: Skip loaded file: file:///home/stalker/.local/share/nvim/mason/packages/lua-language-server/libexec/meta/Lua%205.1%20en-us%20utf8/builtin.lua
[10:53:40.309][info] [#0:script/workspace/loading.lua:113]: ++++As library of:	file:///home/stalker/.local/share/nvim/mason/packages/lua-language-server/libexec/meta/Lua%205.1%20en-us%20utf8/builtin.lua
[10:53:40.310][info] [#0:script/workspace/loading.lua:101]: Preload file at: file:///home/stalker/.local/share/nvim/mason/packages/lua-language-server/libexec/meta/Lua%205.1%20en-us%20utf8/coroutine.lua , size = 2.541 KB
[10:53:40.311][info] [#0:script/workspace/loading.lua:113]: ++++As library of:	file:///home/stalker/.local/share/nvim/mason/packages/lua-language-server/libexec/meta/Lua%205.1%20en-us%20utf8/coroutine.lua
[10:53:40.311][info] [#0:script/workspace/loading.lua:98]: Skip loaded file: file:///home/stalker/.local/share/nvim/mason/packages/lua-language-server/libexec/meta/Lua%205.1%20en-us%20utf8/coroutine.lua
[10:53:40.311][info] [#0:script/workspace/loading.lua:101]: Preload file at: file:///home/stalker/.local/share/nvim/mason/packages/lua-language-server/libexec/meta/Lua%205.1%20en-us%20utf8/debug.lua , size = 6.691 KB
[10:53:40.315][info] [#0:script/workspace/loading.lua:113]: ++++As library of:	file:///home/stalker/.local/share/nvim/mason/packages/lua-language-server/libexec/meta/Lua%205.1%20en-us%20utf8/debug.lua
[10:53:40.315][info] [#0:script/workspace/loading.lua:98]: Skip loaded file: file:///home/stalker/.local/share/nvim/mason/packages/lua-language-server/libexec/meta/Lua%205.1%20en-us%20utf8/debug.lua
[10:53:40.315][info] [#0:script/workspace/loading.lua:101]: Preload file at: file:///home/stalker/.local/share/nvim/mason/packages/lua-language-server/libexec/meta/Lua%205.1%20en-us%20utf8/table.lua , size = 4.235 KB
[10:53:40.317][info] [#0:script/workspace/loading.lua:113]: ++++As library of:	file:///home/stalker/.local/share/nvim/mason/packages/lua-language-server/libexec/meta/Lua%205.1%20en-us%20utf8/table.lua
[10:53:40.317][info] [#0:script/workspace/loading.lua:89]: Skip loaded file: file:///home/stalker/.local/share/nvim/mason/packages/lua-language-server/libexec/meta/Lua%205.1%20en-us%20utf8/table.lua
[10:53:40.317][info] [#0:script/workspace/loading.lua:113]: ++++As library of:	file:///home/stalker/.local/share/nvim/mason/packages/lua-language-server/libexec/meta/Lua%205.1%20en-us%20utf8/table.lua
[10:53:40.317][info] [#0:script/workspace/loading.lua:101]: Preload file at: file:///home/stalker/.local/share/nvim/mason/packages/lua-language-server/libexec/meta/Lua%205.1%20en-us%20utf8/os.lua , size = 5.507 KB
[10:53:40.322][info] [#0:script/workspace/loading.lua:113]: ++++As library of:	file:///home/stalker/.local/share/nvim/mason/packages/lua-language-server/libexec/meta/Lua%205.1%20en-us%20utf8/os.lua
[10:53:40.322][info] [#0:script/workspace/loading.lua:89]: Skip loaded file: file:///home/stalker/.local/share/nvim/mason/packages/lua-language-server/libexec/meta/Lua%205.1%20en-us%20utf8/os.lua
[10:53:40.322][info] [#0:script/workspace/loading.lua:113]: ++++As library of:	file:///home/stalker/.local/share/nvim/mason/packages/lua-language-server/libexec/meta/Lua%205.1%20en-us%20utf8/os.lua
[10:53:40.322][info] [#0:script/workspace/loading.lua:173]: Loaded files takes [0.039] sec: <fallback>
[10:53:40.322][info] [#0:script/workspace/loading.lua:182]: Compile files takes [0.000] sec: <fallback>
[10:53:40.322][info] [#0:script/workspace/loading.lua:183]: Loaded finish:	<fallback>
[10:53:40.322][info] [#0:script/workspace/workspace.lua:381]: Preload finish at:	<fallback>
[10:53:40.323][info] [#0:script/workspace/loading.lua:101]: Preload file at: file:///home/stalker/.config/nvim/lua/stalker/lazy/telescope.lua , size = 0.355 KB
[10:53:40.324][info] [#0:script/workspace/loading.lua:101]: Preload file at: file:///home/stalker/.config/nvim/lua/stalker/lazy/treesitter.lua , size = 1.255 KB
[10:53:40.324][info] [#0:script/workspace/loading.lua:101]: Preload file at: file:///home/stalker/.config/nvim/lua/stalker/lazy/colors.lua , size = 0.287 KB
[10:53:40.325][info] [#0:script/workspace/loading.lua:101]: Preload file at: file:///home/stalker/.config/nvim/lua/stalker/lazy/lsp.lua , size = 2.861 KB
[10:53:40.326][info] [#0:script/workspace/loading.lua:101]: Preload file at: file:///home/stalker/.config/nvim/lua/stalker/lazy/barbar.lua , size = 0.537 KB
[10:53:40.326][info] [#0:script/workspace/loading.lua:101]: Preload file at: file:///home/stalker/.config/nvim/lua/stalker/lazy/nvim-tree.lua , size = 0.190 KB
[10:53:40.327][info] [#0:script/workspace/loading.lua:101]: Preload file at: file:///home/stalker/.config/nvim/lua/stalker/lazy_init.lua , size = 0.448 KB
[10:53:40.327][info] [#0:script/workspace/loading.lua:101]: Preload file at: file:///home/stalker/.config/nvim/lua/stalker/set.lua , size = 0.545 KB
[10:53:40.328][info] [#0:script/workspace/loading.lua:101]: Preload file at: file:///home/stalker/.config/nvim/lua/stalker/init.lua , size = 0.076 KB
[10:53:40.328][info] [#0:script/workspace/loading.lua:89]: Skip loaded file: file:///home/stalker/.config/nvim/lua/stalker/remap.lua
[10:53:40.328][info] [#0:script/workspace/loading.lua:101]: Preload file at: file:///home/stalker/.config/nvim/init.lua , size = 0.019 KB
[10:53:40.328][info] [#0:script/workspace/loading.lua:173]: Loaded files takes [0.045] sec: file:///home/stalker/.config/nvim
[10:53:40.328][info] [#0:script/workspace/loading.lua:182]: Compile files takes [0.000] sec: file:///home/stalker/.config/nvim
[10:53:40.328][info] [#0:script/workspace/loading.lua:183]: Loaded finish:	file:///home/stalker/.config/nvim
[10:53:40.328][info] [#0:script/workspace/workspace.lua:381]: Preload finish at:	file:///home/stalker/.config/nvim
[10:53:40.332][info] [#0:script/provider/diagnostic.lua:560]: Diagnostics scope [file:///home/stalker/.config/nvim], files count:[21]
[10:53:40.428][info] [#0:script/provider/diagnostic.lua:577]: Diagnostics scope [file:///home/stalker/.config/nvim] finished, takes [0.028] sec.
[10:56:25.851][info] [#0:script/workspace/workspace.lua:284]: Scan files at:	file:///home/stalker/.config/nvim/lua/stalker/remap.lua
[10:56:25.851][info] [#0:script/workspace/loading.lua:161]: Load files from disk:	file:///home/stalker/.config/nvim/lua/stalker/remap.lua
[10:56:25.851][info] [#0:script/workspace/loading.lua:89]: Skip loaded file: file:///home/stalker/.config/nvim/lua/stalker/remap.lua
[10:56:25.852][info] [#0:script/workspace/loading.lua:173]: Loaded files takes [0.000] sec: file:///home/stalker/.config/nvim/lua/stalker/remap.lua
[10:56:25.852][info] [#0:script/workspace/loading.lua:182]: Compile files takes [0.000] sec: file:///home/stalker/.config/nvim/lua/stalker/remap.lua
[10:56:25.852][info] [#0:script/workspace/loading.lua:183]: Loaded finish:	file:///home/stalker/.config/nvim/lua/stalker/remap.lua
[10:56:28.563][info] [#0:script/provider/diagnostic.lua:560]: Diagnostics scope [file:///home/stalker/.config/nvim], files count:[21]
[10:56:28.668][info] [#0:script/provider/diagnostic.lua:577]: Diagnostics scope [file:///home/stalker/.config/nvim] finished, takes [0.035] sec.
[10:56:37.275][info] [#0:script/provider/diagnostic.lua:171]: clearDiagnostics	file:///home/stalker/.config/nvim/lua/stalker/remap.lua
[10:56:47.779][info] [#0:script/workspace/workspace.lua:284]: Scan files at:	file:///home/stalker/.config/nvim/lua/stalker/remap.lua
[10:56:47.779][info] [#0:script/workspace/loading.lua:161]: Load files from disk:	file:///home/stalker/.config/nvim/lua/stalker/remap.lua
[10:56:47.779][info] [#0:script/workspace/loading.lua:89]: Skip loaded file: file:///home/stalker/.config/nvim/lua/stalker/remap.lua
[10:56:47.779][info] [#0:script/workspace/loading.lua:173]: Loaded files takes [0.000] sec: file:///home/stalker/.config/nvim/lua/stalker/remap.lua
[10:56:47.779][info] [#0:script/workspace/loading.lua:182]: Compile files takes [0.000] sec: file:///home/stalker/.config/nvim/lua/stalker/remap.lua
[10:56:47.779][info] [#0:script/workspace/loading.lua:183]: Loaded finish:	file:///home/stalker/.config/nvim/lua/stalker/remap.lua
[10:56:50.266][info] [#0:script/provider/diagnostic.lua:560]: Diagnostics scope [file:///home/stalker/.config/nvim], files count:[21]
[10:56:50.369][info] [#0:script/provider/diagnostic.lua:577]: Diagnostics scope [file:///home/stalker/.config/nvim] finished, takes [0.033] sec.
[10:57:02.771][info] [#0:script/provider/provider.lua:169]: Server shutdown.
[10:57:02.771][warn] [#0:script/pub/report.lua:25]: Load proto error:	Disconnected!
